[00:08:44] [Server thread/INFO]: Starting minecraft server version 1.7.10
[00:09:01] [Server thread/INFO]: Loading properties
[00:09:01] [Server thread/INFO]: Default game type: SURVIVAL
[00:09:01] [Server thread/INFO]: Generating keypair
[00:09:02] [Server thread/INFO]: Starting Minecraft server on *:25565
[00:09:02] [Server thread/WARN]: **** SERVER IS RUNNING IN OFFLINE/INSECURE MODE!
[00:09:02] [Server thread/WARN]: The server will make no attempt to authenticate usernames. Beware.
[00:09:02] [Server thread/WARN]: While this makes the game possible to play without internet access, it also opens up the ability for hackers to connect with any username they choose.
[00:09:02] [Server thread/WARN]: To change this, set "online-mode" to "true" in the server.properties file.
[00:09:10] [Server thread/INFO]: Preparing level "world"
[00:09:11] [Server thread/INFO]: Preparing start region for level 0
[00:09:12] [Server thread/INFO]: Preparing spawn area: 40%
[00:09:13] [Server thread/INFO]: Done (2.730s)! For help, type "help" or "?"
[00:09:23] [Server thread/INFO]: Stopping the server
[00:09:23] [Server thread/INFO]: Stopping server
[00:09:23] [Server thread/INFO]: Saving players
[00:09:23] [Server thread/INFO]: Saving worlds
[00:09:23] [Server thread/INFO]: Saving chunks for level 'world'/Overworld
[00:09:23] [Server thread/INFO]: Saving chunks for level 'world'/Nether
[00:09:23] [Server thread/INFO]: Saving chunks for level 'world'/The End
[00:09:23] [Server thread/INFO]: Saving chunks for level 'world'/OtherWorld
[00:09:23] [Server thread/INFO]: Saving chunks for level 'world'/Vegeta
[00:09:23] [Server thread/INFO]: Saving chunks for level 'world'/Namek
[00:09:23] [Server thread/INFO]: Saving chunks for level 'world'/scenarioarena
[00:09:23] [Server thread/INFO]: Saving chunks for level 'world'/Null Realm
[00:09:23] [Server thread/INFO]: Saving chunks for level 'world'/TimeChamber
